<?xml version="1.0" encoding="UTF-8"?>
<!-- Generated by org.testng.reporters.JUnitXMLReporter -->
<testsuite hostname="INBASDLP02870" ignored="2" name="Login" tests="2" failures="0" timestamp="26 Dec 2019 09:50:53 GMT" time="0.094" errors="0">
  <testcase name="@BeforeTest VerifyTestRunFlag" time="0.018" classname="Tririga_TestScriptsPkg.CreateNew_ExpenseLeaseContract_ActivateContract">
    <skipped/>
  </testcase> <!-- @BeforeTest VerifyTestRunFlag -->
  <testcase name="@BeforeTest VerifyTestRunFlag" time="0.0" classname="Tririga_TestScriptsPkg.CreateNew_IncomeLeaseContract_ActivateContract">
    <skipped/>
  </testcase> <!-- @BeforeTest VerifyTestRunFlag -->
  <testcase name="@BeforeMethod beforeMethod" time="0.0" classname="corePkg.BaseClass">
    <skipped/>
  </testcase> <!-- @BeforeMethod beforeMethod -->
  <testcase name="@AfterMethod aftreMethod" time="0.0" classname="corePkg.BaseClass">
    <skipped/>
  </testcase> <!-- @AfterMethod aftreMethod -->
  <testcase name="@BeforeMethod beforeMethod" time="0.0" classname="corePkg.BaseClass">
    <skipped/>
  </testcase> <!-- @BeforeMethod beforeMethod -->
  <testcase name="@AfterMethod aftreMethod" time="0.0" classname="corePkg.BaseClass">
    <skipped/>
  </testcase> <!-- @AfterMethod aftreMethod -->
  <testcase name="CreateNewExpenseLeaseContractActivateContract" time="0.0" classname="Tririga_TestScriptsPkg.CreateNew_ExpenseLeaseContract_ActivateContract">
    <skipped/>
  </testcase> <!-- CreateNewExpenseLeaseContractActivateContract -->
  <testcase name="CreateNewIncomeLeaseContractActivateContract" time="0.0" classname="Tririga_TestScriptsPkg.CreateNew_IncomeLeaseContract_ActivateContract">
    <skipped/>
  </testcase> <!-- CreateNewIncomeLeaseContractActivateContract -->
  <testcase name="@AfterSuite afterSuite" time="0.0" classname="corePkg.BaseClass">
    <ignored/>
  </testcase> <!-- @AfterSuite afterSuite -->
  <testcase name="@BeforeSuite beforeSuite" time="0.0" classname="corePkg.BaseClass">
    <ignored/>
  </testcase> <!-- @BeforeSuite beforeSuite -->
</testsuite> <!-- Login -->
